[INFO ] 20 Jun 2025 16:55:45,762 com.qa.hippo.tests.LogoutPageTest :- Chrome launched successfully
[INFO ] 20 Jun 2025 16:55:45,803 com.qa.hippo.tests.LogoutPageTest :- Maximized browser
[INFO ] 20 Jun 2025 16:55:45,810 com.qa.hippo.tests.LogoutPageTest :- Deleted all cookies
[INFO ] 20 Jun 2025 16:55:50,669 com.qa.hippo.tests.LogoutPageTest :- Niyaz1 Is selected!!
[INFO ] 20 Jun 2025 16:56:10,921 com.qa.hippo.tests.LogoutPageTest :- UserId is Entered!!
[INFO ] 20 Jun 2025 16:56:11,054 com.qa.hippo.tests.LogoutPageTest :- Password is Entered!!!
[INFO ] 20 Jun 2025 16:56:11,224 com.qa.hippo.tests.LogoutPageTest :- Clicked on Login Button!!
[INFO ] 20 Jun 2025 16:56:35,028 com.qa.hippo.tests.LogoutPageTest :- Search customer cursor is blinking in the input field.
[INFO ] 20 Jun 2025 16:56:35,141 com.qa.hippo.tests.LogoutPageTest :- Customer is searched by mobile number :987666655
[INFO ] 20 Jun 2025 16:56:55,191 com.qa.hippo.tests.LogoutPageTest :- Customer is not registered. Clicking 'Walk-in Customer' button.
[INFO ] 20 Jun 2025 16:57:00,334 com.qa.hippo.tests.LogoutPageTest :- Walk-in customer selected successfully!!
[INFO ] 20 Jun 2025 16:57:05,524 com.qa.hippo.tests.LogoutPageTest :- Delivery mode as Self pickup is selected!!
[INFO ] 20 Jun 2025 16:57:10,855 com.qa.hippo.tests.LogoutPageTest :- Searches product - 1000000023
[INFO ] 20 Jun 2025 16:57:11,027 com.qa.hippo.tests.LogoutPageTest :- Clicked on continue button!!
[INFO ] 20 Jun 2025 16:57:11,714 com.qa.hippo.tests.LogoutPageTest :- Promotion applied successfully
[INFO ] 20 Jun 2025 16:57:11,969 com.qa.hippo.tests.LogoutPageTest :- Clicked on PayNow Button!!
[INFO ] 20 Jun 2025 16:57:14,426 com.qa.hippo.tests.LogoutPageTest :- Unable to verified customer name !!!!
[INFO ] 20 Jun 2025 16:57:14,653 com.qa.hippo.tests.LogoutPageTest :- Clicked on proceed to pay button!!
[INFO ] 20 Jun 2025 16:57:18,958 com.qa.hippo.tests.LogoutPageTest :- Cash payment tender was successfully selected and confirmed.
[INFO ] 20 Jun 2025 16:57:21,180 com.qa.hippo.tests.LogoutPageTest :- Successfully clicked on the 'Proceed to Pay' button in the Payment Details section.
[INFO ] 20 Jun 2025 16:57:51,272 com.qa.hippo.tests.LogoutPageTest :- âœ… Order has been created successfully. PDF close button is visible and enabled.
[INFO ] 20 Jun 2025 16:57:51,296 com.qa.hippo.tests.LogoutPageTest :- Created Order: SO/NOS1/Niyaz1/207
[ERROR] 20 Jun 2025 16:57:52,453 com.qa.hippo.tests.LogoutPageTest :- Failure in test method clickOnLogout!!
org.openqa.selenium.ElementClickInterceptedException: element click intercepted: Element <button class="MuiButtonBase-root MuiButton-root MuiButton-contained MuiButton-containedPrimary MuiButton-sizeMedium MuiButton-containedSizeMedium tss-11i1rm-profileButtonStyle css-1hw9j7s" tabindex="0" type="button" id="dashBoardNavigationBarUserNameButton">...</button> is not clickable at point (2436, 32). Other element would receive the click: <div aria-hidden="true" class="MuiBackdrop-root css-919eu4" style="opacity: 1; transition: opacity 225ms cubic-bezier(0.4, 0, 0.2, 1);"></div>
  (Session info: chrome=137.0.7151.104)
Build info: version: '4.19.1', revision: 'abe0ee07dc'
System info: os.name: 'Windows 11', os.arch: 'amd64', os.version: '10.0', java.version: '17.0.12'
Driver info: org.openqa.selenium.chrome.ChromeDriver
Command: [9ba703719930cf09a77b2ba3ab405698, clickElement {id=f.4E0591054C3B7FE07B9A0E6E7087974A.d.C822DFD9356B9F9DD87B1F9073368D05.e.83}]
Capabilities {acceptInsecureCerts: false, browserName: chrome, browserVersion: 137.0.7151.104, chrome: {chromedriverVersion: 137.0.7151.119 (e0ac9d12dff..., userDataDir: C:\Users\AHMED~1.NIY\AppDat...}, fedcm:accounts: true, goog:chromeOptions: {debuggerAddress: localhost:49312}, networkConnectionEnabled: false, pageLoadStrategy: normal, platformName: windows, proxy: Proxy(), se:cdp: ws://localhost:49312/devtoo..., se:cdpVersion: 137.0.7151.104, setWindowRect: true, strictFileInteractability: false, timeouts: {implicit: 0, pageLoad: 300000, script: 30000}, unhandledPromptBehavior: dismiss and notify, webauthn:extension:credBlob: true, webauthn:extension:largeBlob: true, webauthn:extension:minPinLength: true, webauthn:extension:prf: true, webauthn:virtualAuthenticators: true}
Element: [[ChromeDriver: chrome on windows (9ba703719930cf09a77b2ba3ab405698)] -> xpath: //button[@id='dashBoardNavigationBarUserNameButton']]
Session ID: 9ba703719930cf09a77b2ba3ab405698
	at jdk.internal.reflect.NativeConstructorAccessorImpl.newInstance0(Native Method) ~[?:?]
	at jdk.internal.reflect.NativeConstructorAccessorImpl.newInstance(NativeConstructorAccessorImpl.java:77) ~[?:?]
	at jdk.internal.reflect.DelegatingConstructorAccessorImpl.newInstance(DelegatingConstructorAccessorImpl.java:45) ~[?:?]
	at java.lang.reflect.Constructor.newInstanceWithCaller(Constructor.java:499) ~[?:?]
	at java.lang.reflect.Constructor.newInstance(Constructor.java:480) ~[?:?]
	at org.openqa.selenium.remote.ErrorCodec.decode(ErrorCodec.java:167) ~[selenium-remote-driver-4.19.1.jar:?]
	at org.openqa.selenium.remote.codec.w3c.W3CHttpResponseCodec.decode(W3CHttpResponseCodec.java:138) ~[selenium-remote-driver-4.19.1.jar:?]
	at org.openqa.selenium.remote.codec.w3c.W3CHttpResponseCodec.decode(W3CHttpResponseCodec.java:50) ~[selenium-remote-driver-4.19.1.jar:?]
	at org.openqa.selenium.remote.HttpCommandExecutor.execute(HttpCommandExecutor.java:190) ~[selenium-remote-driver-4.19.1.jar:?]
	at org.openqa.selenium.remote.service.DriverCommandExecutor.invokeExecute(DriverCommandExecutor.java:216) ~[selenium-remote-driver-4.19.1.jar:?]
	at org.openqa.selenium.remote.service.DriverCommandExecutor.execute(DriverCommandExecutor.java:174) ~[selenium-remote-driver-4.19.1.jar:?]
	at org.openqa.selenium.remote.RemoteWebDriver.execute(RemoteWebDriver.java:518) ~[selenium-remote-driver-4.19.1.jar:?]
	at org.openqa.selenium.remote.RemoteWebElement.execute(RemoteWebElement.java:223) ~[selenium-remote-driver-4.19.1.jar:?]
	at org.openqa.selenium.remote.RemoteWebElement.click(RemoteWebElement.java:76) ~[selenium-remote-driver-4.19.1.jar:?]
	at jdk.internal.reflect.NativeMethodAccessorImpl.invoke0(Native Method) ~[?:?]
	at jdk.internal.reflect.NativeMethodAccessorImpl.invoke(NativeMethodAccessorImpl.java:77) ~[?:?]
	at jdk.internal.reflect.DelegatingMethodAccessorImpl.invoke(DelegatingMethodAccessorImpl.java:43) ~[?:?]
	at java.lang.reflect.Method.invoke(Method.java:568) ~[?:?]
	at org.openqa.selenium.support.pagefactory.internal.LocatingElementHandler.invoke(LocatingElementHandler.java:51) ~[selenium-support-4.19.1.jar:?]
	at jdk.proxy2.$Proxy29.click(Unknown Source) ~[?:?]
	at com.qa.hippo.pages.LogoutPageFrontOffice.clickOnProfileDropDown(LogoutPageFrontOffice.java:65) ~[classes/:?]
	at com.qa.hippo.pages.LogoutPageFrontOffice.logoutFromApplication(LogoutPageFrontOffice.java:49) ~[classes/:?]
	at com.qa.hippo.tests.LogoutPageTest.TearDown(LogoutPageTest.java:22) ~[test-classes/:?]
	at jdk.internal.reflect.NativeMethodAccessorImpl.invoke0(Native Method) ~[?:?]
	at jdk.internal.reflect.NativeMethodAccessorImpl.invoke(NativeMethodAccessorImpl.java:77) ~[?:?]
	at jdk.internal.reflect.DelegatingMethodAccessorImpl.invoke(DelegatingMethodAccessorImpl.java:43) ~[?:?]
	at java.lang.reflect.Method.invoke(Method.java:568) ~[?:?]
	at org.testng.internal.invokers.MethodInvocationHelper.invokeMethod(MethodInvocationHelper.java:141) ~[testng-7.10.2.jar:7.10.2]
	at org.testng.internal.invokers.TestInvoker.invokeMethod(TestInvoker.java:686) ~[testng-7.10.2.jar:7.10.2]
	at org.testng.internal.invokers.TestInvoker.invokeTestMethod(TestInvoker.java:230) ~[testng-7.10.2.jar:7.10.2]
	at org.testng.internal.invokers.MethodRunner.runInSequence(MethodRunner.java:63) ~[testng-7.10.2.jar:7.10.2]
	at org.testng.internal.invokers.TestInvoker$MethodInvocationAgent.invoke(TestInvoker.java:992) ~[testng-7.10.2.jar:7.10.2]
	at org.testng.internal.invokers.TestInvoker.invokeTestMethods(TestInvoker.java:203) ~[testng-7.10.2.jar:7.10.2]
	at org.testng.internal.invokers.TestMethodWorker.invokeTestMethods(TestMethodWorker.java:154) ~[testng-7.10.2.jar:7.10.2]
	at org.testng.internal.invokers.TestMethodWorker.run(TestMethodWorker.java:134) ~[testng-7.10.2.jar:7.10.2]
	at java.util.ArrayList.forEach(ArrayList.java:1511) [?:?]
	at org.testng.TestRunner.privateRun(TestRunner.java:739) [testng-7.10.2.jar:7.10.2]
	at org.testng.TestRunner.run(TestRunner.java:614) [testng-7.10.2.jar:7.10.2]
	at org.testng.SuiteRunner.runTest(SuiteRunner.java:421) [testng-7.10.2.jar:7.10.2]
	at org.testng.SuiteRunner.runSequentially(SuiteRunner.java:413) [testng-7.10.2.jar:7.10.2]
	at org.testng.SuiteRunner.privateRun(SuiteRunner.java:373) [testng-7.10.2.jar:7.10.2]
	at org.testng.SuiteRunner.run(SuiteRunner.java:312) [testng-7.10.2.jar:7.10.2]
	at org.testng.SuiteRunnerWorker.runSuite(SuiteRunnerWorker.java:52) [testng-7.10.2.jar:7.10.2]
	at org.testng.SuiteRunnerWorker.run(SuiteRunnerWorker.java:95) [testng-7.10.2.jar:7.10.2]
	at org.testng.TestNG.runSuitesSequentially(TestNG.java:1274) [testng-7.10.2.jar:7.10.2]
	at org.testng.TestNG.runSuitesLocally(TestNG.java:1208) [testng-7.10.2.jar:7.10.2]
	at org.testng.TestNG.runSuites(TestNG.java:1112) [testng-7.10.2.jar:7.10.2]
	at org.testng.TestNG.run(TestNG.java:1079) [testng-7.10.2.jar:7.10.2]
	at com.intellij.rt.testng.IDEARemoteTestNG.run(IDEARemoteTestNG.java:65) [testng-rt.jar:?]
	at com.intellij.rt.testng.RemoteTestNGStarter.main(RemoteTestNGStarter.java:105) [testng-rt.jar:?]
