[INFO ] 20 Jun 2025 11:37:56,581 com.qa.hippo.tests.verifyWalkingCustomerFunctionalitySelfPickup :- Chrome launched successfully
[INFO ] 20 Jun 2025 11:37:56,666 com.qa.hippo.tests.verifyWalkingCustomerFunctionalitySelfPickup :- Maximized browser
[INFO ] 20 Jun 2025 11:37:56,691 com.qa.hippo.tests.verifyWalkingCustomerFunctionalitySelfPickup :- Deleted all cookies
[INFO ] 20 Jun 2025 11:37:59,739 com.qa.hippo.tests.verifyWalkingCustomerFunctionalitySelfPickup :- Niyaz1 Is selected!!
[INFO ] 20 Jun 2025 11:38:20,102 com.qa.hippo.tests.verifyWalkingCustomerFunctionalitySelfPickup :- UserId is Entered!!
[INFO ] 20 Jun 2025 11:38:20,374 com.qa.hippo.tests.verifyWalkingCustomerFunctionalitySelfPickup :- Password is Entered!!!
[INFO ] 20 Jun 2025 11:38:20,732 com.qa.hippo.tests.verifyWalkingCustomerFunctionalitySelfPickup :- Clicked on Login Button!!
[INFO ] 20 Jun 2025 11:38:45,136 com.qa.hippo.tests.verifyWalkingCustomerFunctionalitySelfPickup :- Search customer cursor is blinking in the input field.
[ERROR] 20 Jun 2025 11:38:45,152 com.qa.hippo.tests.verifyWalkingCustomerFunctionalitySelfPickup :-  XLSX File not found :
java.io.FileNotFoundException: C:\Users\ahmed.niyaz\IdeaProjects\POSFrontEndTestData\walkinCustomerData.xlsx (The system cannot find the path specified)
	at java.io.FileInputStream.open0(Native Method) ~[?:?]
	at java.io.FileInputStream.open(FileInputStream.java:216) ~[?:?]
	at java.io.FileInputStream.<init>(FileInputStream.java:157) ~[?:?]
	at java.io.FileInputStream.<init>(FileInputStream.java:111) ~[?:?]
	at com.qa.hippo.utilities.ReadTestData.intialiseResources(ReadTestData.java:69) ~[classes/:?]
	at com.qa.hippo.utilities.ReadTestData.readSheetData(ReadTestData.java:26) ~[classes/:?]
	at com.qa.hippo.tests.verifyWalkingCustomerFunctionalitySelfPickup.getWalkinCustomerData(verifyWalkingCustomerFunctionality.java:36) ~[test-classes/:?]
	at jdk.internal.reflect.NativeMethodAccessorImpl.invoke0(Native Method) ~[?:?]
	at jdk.internal.reflect.NativeMethodAccessorImpl.invoke(NativeMethodAccessorImpl.java:77) ~[?:?]
	at jdk.internal.reflect.DelegatingMethodAccessorImpl.invoke(DelegatingMethodAccessorImpl.java:43) ~[?:?]
	at java.lang.reflect.Method.invoke(Method.java:568) ~[?:?]
	at org.testng.internal.invokers.MethodInvocationHelper.invokeMethod(MethodInvocationHelper.java:141) ~[testng-7.10.2.jar:7.10.2]
	at org.testng.internal.invokers.MethodInvocationHelper.invokeMethod(MethodInvocationHelper.java:86) ~[testng-7.10.2.jar:7.10.2]
	at org.testng.internal.invokers.MethodInvocationHelper.invokeMethodNoCheckedException(MethodInvocationHelper.java:54) ~[testng-7.10.2.jar:7.10.2]
	at org.testng.internal.invokers.MethodInvocationHelper.invokeDataProvider(MethodInvocationHelper.java:159) ~[testng-7.10.2.jar:7.10.2]
	at org.testng.internal.Parameters.handleParameters(Parameters.java:809) ~[testng-7.10.2.jar:7.10.2]
	at org.testng.internal.Parameters.handleParameters(Parameters.java:734) ~[testng-7.10.2.jar:7.10.2]
	at org.testng.internal.invokers.ParameterHandler.handleParameters(ParameterHandler.java:72) ~[testng-7.10.2.jar:7.10.2]
	at org.testng.internal.invokers.ParameterHandler.createParameters(ParameterHandler.java:51) ~[testng-7.10.2.jar:7.10.2]
	at org.testng.internal.invokers.TestInvoker$MethodInvocationAgent.invoke(TestInvoker.java:946) ~[testng-7.10.2.jar:7.10.2]
	at org.testng.internal.invokers.TestInvoker.invokeTestMethods(TestInvoker.java:203) ~[testng-7.10.2.jar:7.10.2]
	at org.testng.internal.invokers.TestMethodWorker.invokeTestMethods(TestMethodWorker.java:154) ~[testng-7.10.2.jar:7.10.2]
	at org.testng.internal.invokers.TestMethodWorker.run(TestMethodWorker.java:134) ~[testng-7.10.2.jar:7.10.2]
	at java.util.ArrayList.forEach(ArrayList.java:1511) [?:?]
	at org.testng.TestRunner.privateRun(TestRunner.java:739) [testng-7.10.2.jar:7.10.2]
	at org.testng.TestRunner.run(TestRunner.java:614) [testng-7.10.2.jar:7.10.2]
	at org.testng.SuiteRunner.runTest(SuiteRunner.java:421) [testng-7.10.2.jar:7.10.2]
	at org.testng.SuiteRunner.runSequentially(SuiteRunner.java:413) [testng-7.10.2.jar:7.10.2]
	at org.testng.SuiteRunner.privateRun(SuiteRunner.java:373) [testng-7.10.2.jar:7.10.2]
	at org.testng.SuiteRunner.run(SuiteRunner.java:312) [testng-7.10.2.jar:7.10.2]
	at org.testng.SuiteRunnerWorker.runSuite(SuiteRunnerWorker.java:52) [testng-7.10.2.jar:7.10.2]
	at org.testng.SuiteRunnerWorker.run(SuiteRunnerWorker.java:95) [testng-7.10.2.jar:7.10.2]
	at org.testng.TestNG.runSuitesSequentially(TestNG.java:1274) [testng-7.10.2.jar:7.10.2]
	at org.testng.TestNG.runSuitesLocally(TestNG.java:1208) [testng-7.10.2.jar:7.10.2]
	at org.testng.TestNG.runSuites(TestNG.java:1112) [testng-7.10.2.jar:7.10.2]
	at org.testng.TestNG.run(TestNG.java:1079) [testng-7.10.2.jar:7.10.2]
	at com.intellij.rt.testng.IDEARemoteTestNG.run(IDEARemoteTestNG.java:65) [testng-rt.jar:?]
	at com.intellij.rt.testng.RemoteTestNGStarter.main(RemoteTestNGStarter.java:105) [testng-rt.jar:?]
