[INFO ] 02 Jul 2025 10:55:18,109 com.qa.hippo.tests.verifyRegisterCustomerContractor :- Chrome launched successfully
[INFO ] 02 Jul 2025 10:55:18,178 com.qa.hippo.tests.verifyRegisterCustomerContractor :- Maximized browser
[INFO ] 02 Jul 2025 10:55:18,202 com.qa.hippo.tests.verifyRegisterCustomerContractor :- Deleted all cookies
[INFO ] 02 Jul 2025 10:55:23,244 com.qa.hippo.tests.verifyRegisterCustomerContractor :- Niyaz1 Is selected!!
[INFO ] 02 Jul 2025 10:55:43,621 com.qa.hippo.tests.verifyRegisterCustomerContractor :- UserId is Entered!!
[INFO ] 02 Jul 2025 10:55:43,904 com.qa.hippo.tests.verifyRegisterCustomerContractor :- Password is Entered!!!
[INFO ] 02 Jul 2025 10:55:44,179 com.qa.hippo.tests.verifyRegisterCustomerContractor :- Clicked on Login Button!!
[INFO ] 02 Jul 2025 10:56:07,735 com.qa.hippo.tests.verifyRegisterCustomerContractor :- Search customer cursor is blinking in the input field.
[INFO ] 02 Jul 2025 10:56:09,711 com.qa.hippo.tests.verifyRegisterCustomerContractor :- Customer is searched by mobile number :8099062292
[INFO ] 02 Jul 2025 10:56:29,853 com.qa.hippo.tests.verifyRegisterCustomerContractor :- Customer is not registered. Clicking 'Walk-in Customer' button.
[INFO ] 02 Jul 2025 10:56:30,348 com.qa.hippo.tests.verifyRegisterCustomerContractor :- Mobile number is Entered!!
[INFO ] 02 Jul 2025 10:56:30,713 com.qa.hippo.tests.verifyRegisterCustomerContractor :- Clicked on Generate Otp button!!
[INFO ] 02 Jul 2025 10:56:36,223 com.qa.hippo.tests.verifyRegisterCustomerContractor :- Enter otp and click on Submit button!!
[INFO ] 02 Jul 2025 10:56:39,510 com.qa.hippo.tests.verifyRegisterCustomerContractor :- Contractor radio button is Selected!!
[INFO ] 02 Jul 2025 10:56:40,640 com.qa.hippo.tests.verifyRegisterCustomerContractor :- First Name is entered!!
[INFO ] 02 Jul 2025 10:56:41,208 com.qa.hippo.tests.verifyRegisterCustomerContractor :- Last Name is entered!!
[INFO ] 02 Jul 2025 10:56:42,211 com.qa.hippo.tests.verifyRegisterCustomerContractor :- Email-ID is entered!!
[INFO ] 02 Jul 2025 10:56:42,370 com.qa.hippo.tests.verifyRegisterCustomerContractor :- âœ… Mobile Number field is disabled and has a value: 8099062292
[INFO ] 02 Jul 2025 10:56:42,554 com.qa.hippo.tests.verifyRegisterCustomerContractor :- Pan Card field is enabled and has no value.
[INFO ] 02 Jul 2025 10:56:43,379 com.qa.hippo.tests.verifyRegisterCustomerContractor :- GST Number field is enabled and has no value.
[ERROR] 02 Jul 2025 11:02:35,261 com.qa.hippo.tests.verifyRegisterCustomerContractor :- Unable to enter Customer details!!!
org.openqa.selenium.TimeoutException: java.net.http.HttpTimeoutException: request timed out
Build info: version: '4.19.1', revision: 'abe0ee07dc'
System info: os.name: 'Windows 11', os.arch: 'amd64', os.version: '10.0', java.version: '21.0.7'
Driver info: org.openqa.selenium.chrome.ChromeDriver
Command: [8ab758980fd3a7e3dd9cdbd5ace4c875, findElement {using=xpath, value=//input[@id='createCustomerFormGSTVerifyButton']}]
Capabilities {acceptInsecureCerts: false, browserName: chrome, browserVersion: 137.0.7151.122, chrome: {chromedriverVersion: 137.0.7151.119 (e0ac9d12dff..., userDataDir: C:\Users\AHMED~1.NIY\AppDat...}, fedcm:accounts: true, goog:chromeOptions: {debuggerAddress: localhost:57021}, networkConnectionEnabled: false, pageLoadStrategy: normal, platformName: windows, proxy: Proxy(), se:cdp: ws://localhost:57021/devtoo..., se:cdpVersion: 137.0.7151.122, setWindowRect: true, strictFileInteractability: false, timeouts: {implicit: 0, pageLoad: 300000, script: 30000}, unhandledPromptBehavior: dismiss and notify, webauthn:extension:credBlob: true, webauthn:extension:largeBlob: true, webauthn:extension:minPinLength: true, webauthn:extension:prf: true, webauthn:virtualAuthenticators: true}
Session ID: 8ab758980fd3a7e3dd9cdbd5ace4c875
	at org.openqa.selenium.remote.http.jdk.JdkHttpClient.execute0(JdkHttpClient.java:386) ~[selenium-http-4.19.1.jar:?]
	at org.openqa.selenium.remote.http.AddSeleniumUserAgent.lambda$apply$0(AddSeleniumUserAgent.java:42) ~[selenium-http-4.19.1.jar:?]
	at org.openqa.selenium.remote.http.Filter.lambda$andFinally$1(Filter.java:55) ~[selenium-http-4.19.1.jar:?]
	at org.openqa.selenium.remote.http.jdk.JdkHttpClient.execute(JdkHttpClient.java:352) ~[selenium-http-4.19.1.jar:?]
	at org.openqa.selenium.remote.HttpCommandExecutor.execute(HttpCommandExecutor.java:187) ~[selenium-remote-driver-4.19.1.jar:?]
	at org.openqa.selenium.remote.service.DriverCommandExecutor.invokeExecute(DriverCommandExecutor.java:216) ~[selenium-remote-driver-4.19.1.jar:?]
	at org.openqa.selenium.remote.service.DriverCommandExecutor.execute(DriverCommandExecutor.java:174) ~[selenium-remote-driver-4.19.1.jar:?]
	at org.openqa.selenium.remote.RemoteWebDriver.execute(RemoteWebDriver.java:518) ~[selenium-remote-driver-4.19.1.jar:?]
	at org.openqa.selenium.remote.ElementLocation$ElementFinder$2.findElement(ElementLocation.java:165) ~[selenium-remote-driver-4.19.1.jar:?]
	at org.openqa.selenium.remote.ElementLocation.findElement(ElementLocation.java:59) ~[selenium-remote-driver-4.19.1.jar:?]
	at org.openqa.selenium.remote.RemoteWebDriver.findElement(RemoteWebDriver.java:355) ~[selenium-remote-driver-4.19.1.jar:?]
	at org.openqa.selenium.remote.RemoteWebDriver.findElement(RemoteWebDriver.java:349) ~[selenium-remote-driver-4.19.1.jar:?]
	at org.openqa.selenium.support.pagefactory.DefaultElementLocator.findElement(DefaultElementLocator.java:68) ~[selenium-support-4.19.1.jar:?]
	at org.openqa.selenium.support.pagefactory.internal.LocatingElementHandler.invoke(LocatingElementHandler.java:38) ~[selenium-support-4.19.1.jar:?]
	at jdk.proxy2.$Proxy29.isDisplayed(Unknown Source) ~[?:?]
	at org.openqa.selenium.support.ui.ExpectedConditions.elementIfVisible(ExpectedConditions.java:304) ~[selenium-support-4.19.1.jar:?]
	at org.openqa.selenium.support.ui.ExpectedConditions$10.apply(ExpectedConditions.java:290) ~[selenium-support-4.19.1.jar:?]
	at org.openqa.selenium.support.ui.ExpectedConditions$10.apply(ExpectedConditions.java:287) ~[selenium-support-4.19.1.jar:?]
	at org.openqa.selenium.support.ui.ExpectedConditions$23.apply(ExpectedConditions.java:656) ~[selenium-support-4.19.1.jar:?]
	at org.openqa.selenium.support.ui.ExpectedConditions$23.apply(ExpectedConditions.java:652) ~[selenium-support-4.19.1.jar:?]
	at org.openqa.selenium.support.ui.FluentWait.until(FluentWait.java:203) ~[selenium-support-4.19.1.jar:?]
	at com.qa.hippo.utilities.UtilClass.waitForElementAndClick(UtilClass.java:62) ~[classes/:?]
	at com.qa.hippo.pages.RegisterNewCustomerContractor.ContractoCustomerDetails(RegisterNewCustomerContractor.java:92) ~[classes/:?]
	at com.qa.hippo.tests.verifyRegisterCustomerContractor.verifyCustomerDetailsForContractor(verifyRegisterCustomerContractor.java:45) ~[test-classes/:?]
	at jdk.internal.reflect.DirectMethodHandleAccessor.invoke(DirectMethodHandleAccessor.java:103) ~[?:?]
	at java.lang.reflect.Method.invoke(Method.java:580) ~[?:?]
	at org.testng.internal.invokers.MethodInvocationHelper.invokeMethod(MethodInvocationHelper.java:141) ~[testng-7.10.2.jar:7.10.2]
	at org.testng.internal.invokers.TestInvoker.invokeMethod(TestInvoker.java:686) ~[testng-7.10.2.jar:7.10.2]
	at org.testng.internal.invokers.TestInvoker.invokeTestMethod(TestInvoker.java:230) ~[testng-7.10.2.jar:7.10.2]
	at org.testng.internal.invokers.MethodRunner.runInSequence(MethodRunner.java:63) ~[testng-7.10.2.jar:7.10.2]
	at org.testng.internal.invokers.TestInvoker$MethodInvocationAgent.invoke(TestInvoker.java:992) ~[testng-7.10.2.jar:7.10.2]
	at org.testng.internal.invokers.TestInvoker.invokeTestMethods(TestInvoker.java:203) ~[testng-7.10.2.jar:7.10.2]
	at org.testng.internal.invokers.TestMethodWorker.invokeTestMethods(TestMethodWorker.java:154) ~[testng-7.10.2.jar:7.10.2]
	at org.testng.internal.invokers.TestMethodWorker.run(TestMethodWorker.java:134) ~[testng-7.10.2.jar:7.10.2]
	at java.util.ArrayList.forEach(ArrayList.java:1596) [?:?]
	at org.testng.TestRunner.privateRun(TestRunner.java:739) [testng-7.10.2.jar:7.10.2]
	at org.testng.TestRunner.run(TestRunner.java:614) [testng-7.10.2.jar:7.10.2]
	at org.testng.SuiteRunner.runTest(SuiteRunner.java:421) [testng-7.10.2.jar:7.10.2]
	at org.testng.SuiteRunner.runSequentially(SuiteRunner.java:413) [testng-7.10.2.jar:7.10.2]
	at org.testng.SuiteRunner.privateRun(SuiteRunner.java:373) [testng-7.10.2.jar:7.10.2]
	at org.testng.SuiteRunner.run(SuiteRunner.java:312) [testng-7.10.2.jar:7.10.2]
	at org.testng.SuiteRunnerWorker.runSuite(SuiteRunnerWorker.java:52) [testng-7.10.2.jar:7.10.2]
	at org.testng.SuiteRunnerWorker.run(SuiteRunnerWorker.java:95) [testng-7.10.2.jar:7.10.2]
	at org.testng.TestNG.runSuitesSequentially(TestNG.java:1274) [testng-7.10.2.jar:7.10.2]
	at org.testng.TestNG.runSuitesLocally(TestNG.java:1208) [testng-7.10.2.jar:7.10.2]
	at org.testng.TestNG.runSuites(TestNG.java:1112) [testng-7.10.2.jar:7.10.2]
	at org.testng.TestNG.run(TestNG.java:1079) [testng-7.10.2.jar:7.10.2]
	at com.intellij.rt.testng.IDEARemoteTestNG.run(IDEARemoteTestNG.java:65) [testng-rt.jar:?]
	at com.intellij.rt.testng.RemoteTestNGStarter.main(RemoteTestNGStarter.java:105) [testng-rt.jar:?]
Caused by: java.net.http.HttpTimeoutException: request timed out
	at jdk.internal.net.http.ResponseTimerEvent.handle(ResponseTimerEvent.java:63) ~[java.net.http:?]
	at jdk.internal.net.http.HttpClientImpl.purgeTimeoutsAndReturnNextDeadline(HttpClientImpl.java:1780) ~[java.net.http:?]
	at jdk.internal.net.http.HttpClientImpl$SelectorManager.run(HttpClientImpl.java:1337) ~[java.net.http:?]
